TN:
SF:app.js
FNF:0
FNH:0
DA:11,2
DA:14,2
DA:16,2
DA:19,2
DA:20,2
DA:24,2
DA:25,2
LF:7
LH:7
BRF:0
BRH:0
end_of_record
TN:
SF:config.js
FNF:0
FNH:0
DA:3,2
LF:1
LH:1
BRDA:7,0,0,2
BRDA:7,0,1,0
BRDA:8,1,0,2
BRDA:8,1,1,0
BRDA:9,2,0,2
BRDA:9,2,1,0
BRDA:10,3,0,2
BRDA:10,3,1,0
BRF:8
BRH:4
end_of_record
TN:
SF:src\controllers\developer.controller.js
FN:4,(anonymous_0)
FN:16,(anonymous_1)
FN:48,(anonymous_2)
FN:81,(anonymous_3)
FNF:4
FNH:1
FNDA:0,(anonymous_0)
FNDA:3,(anonymous_1)
FNDA:0,(anonymous_2)
FNDA:0,(anonymous_3)
DA:4,2
DA:6,0
DA:7,0
DA:8,0
DA:12,0
DA:16,2
DA:18,3
DA:19,3
DA:25,3
DA:27,3
DA:29,1
DA:32,2
DA:39,1
DA:44,1
DA:48,2
DA:50,0
DA:51,0
DA:57,0
DA:59,0
DA:61,0
DA:64,0
DA:72,0
DA:77,0
DA:81,2
DA:83,0
DA:84,0
DA:86,0
DA:87,0
DA:91,0
DA:97,2
LF:30
LH:13
BRDA:27,0,0,1
BRDA:27,0,1,2
BRDA:27,1,0,3
BRDA:27,1,1,2
BRDA:27,1,2,2
BRDA:59,2,0,0
BRDA:59,2,1,0
BRF:7
BRH:5
end_of_record
TN:
SF:src\controllers\game.controller.js
FN:4,(anonymous_0)
FN:17,(anonymous_1)
FN:51,(anonymous_2)
FN:88,(anonymous_3)
FNF:4
FNH:1
FNDA:0,(anonymous_0)
FNDA:3,(anonymous_1)
FNDA:0,(anonymous_2)
FNDA:0,(anonymous_3)
DA:4,2
DA:6,0
DA:7,0
DA:8,0
DA:12,0
DA:17,2
DA:19,3
DA:26,3
DA:27,3
DA:28,3
DA:30,0
DA:33,3
DA:42,2
DA:47,1
DA:51,2
DA:53,0
DA:54,0
DA:62,0
DA:64,0
DA:66,0
DA:69,0
DA:79,0
DA:84,0
DA:88,2
DA:90,0
DA:91,0
DA:93,0
DA:94,0
DA:98,0
DA:103,2
LF:30
LH:12
BRDA:28,0,0,0
BRDA:28,0,1,3
BRDA:28,1,0,3
BRDA:28,1,1,3
BRDA:28,1,2,3
BRDA:28,1,3,3
BRDA:28,1,4,3
BRDA:64,2,0,0
BRDA:64,2,1,0
BRF:9
BRH:6
end_of_record
TN:
SF:src\database\database.js
FNF:0
FNH:0
DA:4,2
LF:1
LH:1
BRF:0
BRH:0
end_of_record
TN:
SF:src\models\Developer.js
FNF:0
FNH:0
DA:4,2
LF:1
LH:1
BRF:0
BRH:0
end_of_record
TN:
SF:src\models\Game.js
FNF:0
FNH:0
DA:6,2
DA:33,2
LF:2
LH:2
BRF:0
BRH:0
end_of_record
TN:
SF:src\routes\developer.routes.js
FNF:0
FNH:0
DA:4,2
DA:6,2
DA:7,2
DA:8,2
DA:9,2
LF:5
LH:5
BRF:0
BRH:0
end_of_record
TN:
SF:src\routes\game.routes.js
FNF:0
FNH:0
DA:4,2
DA:6,2
DA:7,2
DA:8,2
DA:9,2
LF:5
LH:5
BRF:0
BRH:0
end_of_record
TN:
SF:src\services\developer.service.js
FN:3,(anonymous_0)
FN:8,(anonymous_1)
FN:17,(anonymous_2)
FN:36,(anonymous_3)
FNF:4
FNH:1
FNDA:0,(anonymous_0)
FNDA:2,(anonymous_1)
FNDA:0,(anonymous_2)
FNDA:0,(anonymous_3)
DA:3,2
DA:5,0
DA:8,2
DA:10,2
DA:17,2
DA:19,0
DA:21,0
DA:22,0
DA:23,0
DA:26,0
DA:28,0
DA:36,2
DA:38,0
DA:46,2
LF:14
LH:6
BRDA:22,0,0,0
BRDA:22,0,1,0
BRF:2
BRH:0
end_of_record
TN:
SF:src\services\game.service.js
FN:4,(anonymous_0)
FN:13,(anonymous_1)
FN:24,(anonymous_2)
FN:43,(anonymous_3)
FNF:4
FNH:1
FNDA:0,(anonymous_0)
FNDA:3,(anonymous_1)
FNDA:0,(anonymous_2)
FNDA:0,(anonymous_3)
DA:4,2
DA:6,0
DA:13,2
DA:15,3
DA:24,2
DA:26,0
DA:28,0
DA:29,0
DA:30,0
DA:33,0
DA:35,0
DA:43,2
DA:45,0
DA:54,2
LF:14
LH:6
BRDA:29,0,0,0
BRDA:29,0,1,0
BRF:2
BRH:0
end_of_record
TN:
SF:src\shared\response.js
FN:3,(anonymous_0)
FN:10,(anonymous_1)
FN:12,(anonymous_2)
FN:14,(anonymous_3)
FN:16,(anonymous_4)
FN:18,(anonymous_5)
FN:20,(anonymous_6)
FNF:7
FNH:1
FNDA:6,(anonymous_0)
FNDA:0,(anonymous_1)
FNDA:0,(anonymous_2)
FNDA:0,(anonymous_3)
FNDA:0,(anonymous_4)
FNDA:0,(anonymous_5)
FNDA:0,(anonymous_6)
DA:5,6
DA:6,6
DA:7,6
DA:10,0
DA:12,0
DA:14,0
DA:16,0
DA:18,0
DA:20,0
LF:9
LH:3
BRF:0
BRH:0
end_of_record
