TN:
SF:app.js
FNF:0
FNH:0
DA:11,2
DA:14,2
DA:16,2
DA:19,2
DA:20,2
DA:24,2
DA:25,2
LF:7
LH:7
BRF:0
BRH:0
end_of_record
TN:
SF:config.js
FNF:0
FNH:0
DA:3,2
LF:1
LH:1
BRDA:7,0,0,2
BRDA:7,0,1,0
BRDA:8,1,0,2
BRDA:8,1,1,0
BRDA:9,2,0,2
BRDA:9,2,1,0
BRDA:10,3,0,2
BRDA:10,3,1,0
BRF:8
BRH:4
end_of_record
TN:
SF:src\controllers\developer.controller.js
FN:4,(anonymous_0)
FN:16,(anonymous_1)
FN:47,(anonymous_2)
FN:80,(anonymous_3)
FNF:4
FNH:1
FNDA:0,(anonymous_0)
FNDA:3,(anonymous_1)
FNDA:0,(anonymous_2)
FNDA:0,(anonymous_3)
DA:4,2
DA:6,0
DA:7,0
DA:8,0
DA:12,0
DA:16,2
DA:18,3
DA:24,3
DA:26,3
DA:28,1
DA:31,2
DA:38,0
DA:43,1
DA:47,2
DA:49,0
DA:50,0
DA:56,0
DA:58,0
DA:60,0
DA:63,0
DA:71,0
DA:76,0
DA:80,2
DA:82,0
DA:83,0
DA:85,0
DA:86,0
DA:90,0
DA:96,2
LF:29
LH:11
BRDA:26,0,0,1
BRDA:26,0,1,2
BRDA:26,1,0,3
BRDA:26,1,1,2
BRDA:26,1,2,2
BRDA:58,2,0,0
BRDA:58,2,1,0
BRF:7
BRH:5
end_of_record
TN:
SF:src\controllers\game.controller.js
FN:4,(anonymous_0)
FN:17,(anonymous_1)
FN:50,(anonymous_2)
FN:87,(anonymous_3)
FNF:4
FNH:1
FNDA:0,(anonymous_0)
FNDA:3,(anonymous_1)
FNDA:0,(anonymous_2)
FNDA:0,(anonymous_3)
DA:4,2
DA:6,0
DA:7,0
DA:8,0
DA:12,0
DA:17,2
DA:19,3
DA:26,3
DA:27,3
DA:29,1
DA:32,2
DA:41,1
DA:46,1
DA:50,2
DA:52,0
DA:53,0
DA:61,0
DA:63,0
DA:65,0
DA:68,0
DA:78,0
DA:83,0
DA:87,2
DA:89,0
DA:90,0
DA:92,0
DA:93,0
DA:97,0
DA:102,2
LF:29
LH:12
BRDA:27,0,0,1
BRDA:27,0,1,2
BRDA:27,1,0,3
BRDA:27,1,1,2
BRDA:27,1,2,2
BRDA:27,1,3,2
BRDA:27,1,4,2
BRDA:63,2,0,0
BRDA:63,2,1,0
BRF:9
BRH:7
end_of_record
TN:
SF:src\database\database.js
FNF:0
FNH:0
DA:4,2
LF:1
LH:1
BRF:0
BRH:0
end_of_record
TN:
SF:src\models\Developer.js
FNF:0
FNH:0
DA:4,2
LF:1
LH:1
BRF:0
BRH:0
end_of_record
TN:
SF:src\models\Game.js
FNF:0
FNH:0
DA:6,2
DA:33,2
LF:2
LH:2
BRF:0
BRH:0
end_of_record
TN:
SF:src\routes\developer.routes.js
FNF:0
FNH:0
DA:4,2
DA:6,2
DA:7,2
DA:8,2
DA:9,2
LF:5
LH:5
BRF:0
BRH:0
end_of_record
TN:
SF:src\routes\game.routes.js
FNF:0
FNH:0
DA:4,2
DA:6,2
DA:7,2
DA:8,2
DA:9,2
LF:5
LH:5
BRF:0
BRH:0
end_of_record
TN:
SF:src\services\developer.service.js
FN:3,(anonymous_0)
FN:8,(anonymous_1)
FN:17,(anonymous_2)
FN:36,(anonymous_3)
FNF:4
FNH:1
FNDA:0,(anonymous_0)
FNDA:2,(anonymous_1)
FNDA:0,(anonymous_2)
FNDA:0,(anonymous_3)
DA:3,2
DA:5,0
DA:8,2
DA:10,2
DA:17,2
DA:19,0
DA:21,0
DA:22,0
DA:23,0
DA:26,0
DA:28,0
DA:36,2
DA:38,0
DA:46,2
LF:14
LH:6
BRDA:22,0,0,0
BRDA:22,0,1,0
BRF:2
BRH:0
end_of_record
TN:
SF:src\services\game.service.js
FN:4,(anonymous_0)
FN:13,(anonymous_1)
FN:24,(anonymous_2)
FN:43,(anonymous_3)
FNF:4
FNH:1
FNDA:0,(anonymous_0)
FNDA:2,(anonymous_1)
FNDA:0,(anonymous_2)
FNDA:0,(anonymous_3)
DA:4,2
DA:6,0
DA:13,2
DA:15,2
DA:24,2
DA:26,0
DA:28,0
DA:29,0
DA:30,0
DA:33,0
DA:35,0
DA:43,2
DA:45,0
DA:54,2
LF:14
LH:6
BRDA:29,0,0,0
BRDA:29,0,1,0
BRF:2
BRH:0
end_of_record
TN:
SF:src\shared\response.js
FN:3,(anonymous_0)
FN:10,(anonymous_1)
FN:12,(anonymous_2)
FN:14,(anonymous_3)
FN:16,(anonymous_4)
FN:18,(anonymous_5)
FN:20,(anonymous_6)
FNF:7
FNH:1
FNDA:5,(anonymous_0)
FNDA:0,(anonymous_1)
FNDA:0,(anonymous_2)
FNDA:0,(anonymous_3)
FNDA:0,(anonymous_4)
FNDA:0,(anonymous_5)
FNDA:0,(anonymous_6)
DA:5,5
DA:6,5
DA:7,5
DA:10,0
DA:12,0
DA:14,0
DA:16,0
DA:18,0
DA:20,0
LF:9
LH:3
BRF:0
BRH:0
end_of_record
